Built from '6000.2/respin/6000.2.6f2-cc51a95c03' branch; Version is '6000.2.6f2 (4a4dcaec6541) revision 4869578'; Using compiler version '194234433'; Build Type 'Release'
[Licensing::Module] Trying to connect to existing licensing client channel...
[Licensing::IpcConnector] Successfully connected to: "LicenseClient-BrucelyEustache" at "2025-11-20T13:49:23.717225Z"
OS: 'Windows 11  (10.0.26200) 64bit Professional' Language: 'en' Physical Memory: 7876 MB
BatchMode: 1, IsHumanControllingUs: 0, StartBugReporterOnCrash: 0, Is64bit: 1
Date: 2025-11-20T13:49:23Z

COMMAND LINE ARGUMENTS:
C:\Program Files\Unity\Hub\Editor\6000.2.6f2\Editor\Unity.exe
-adb2
-batchMode
-noUpm
-name
AssetImportWorker0
-projectPath
C:/Users/BrucelyEustache/Desktop/Top Down Adventure/Top-Down-Adventure/Top Down Adventure
-logFile
Logs/AssetImportWorker0.log
-srvPort
59136
-licensingIpc
LicenseClient-BrucelyEustache
-job-worker-count
5
-background-job-worker-count
8
-gc-helper-count
1
-name
AssetImport
Successfully changed project path to: C:/Users/BrucelyEustache/Desktop/Top Down Adventure/Top-Down-Adventure/Top Down Adventure
C:/Users/BrucelyEustache/Desktop/Top Down Adventure/Top-Down-Adventure/Top Down Adventure
[UnityMemory] Configuration Parameters - Can be set up in boot.config
    "memorysetup-allocator-temp-initial-block-size-main=262144"
    "memorysetup-allocator-temp-initial-block-size-worker=262144"
    "memorysetup-bucket-allocator-granularity=16"
    "memorysetup-bucket-allocator-bucket-count=8"
    "memorysetup-bucket-allocator-block-size=33554432"
    "memorysetup-bucket-allocator-block-count=8"
    "memorysetup-main-allocator-block-size=16777216"
    "memorysetup-thread-allocator-block-size=16777216"
    "memorysetup-gfx-main-allocator-block-size=16777216"
    "memorysetup-gfx-thread-allocator-block-size=16777216"
    "memorysetup-cache-allocator-block-size=4194304"
    "memorysetup-typetree-allocator-block-size=2097152"
    "memorysetup-profiler-bucket-allocator-granularity=16"
    "memorysetup-profiler-bucket-allocator-bucket-count=8"
    "memorysetup-profiler-bucket-allocator-block-size=33554432"
    "memorysetup-profiler-bucket-allocator-block-count=8"
    "memorysetup-profiler-allocator-block-size=16777216"
    "memorysetup-profiler-editor-allocator-block-size=1048576"
    "memorysetup-temp-allocator-size-main=16777216"
    "memorysetup-job-temp-allocator-block-size=2097152"
    "memorysetup-job-temp-allocator-block-size-background=1048576"
    "memorysetup-job-temp-allocator-reduction-small-platforms=262144"
    "memorysetup-temp-allocator-size-background-worker=32768"
    "memorysetup-temp-allocator-size-job-worker=262144"
    "memorysetup-temp-allocator-size-preload-manager=33554432"
    "memorysetup-temp-allocator-size-nav-mesh-worker=65536"
    "memorysetup-temp-allocator-size-audio-worker=65536"
    "memorysetup-temp-allocator-size-cloud-worker=32768"
    "memorysetup-temp-allocator-size-gi-baking-worker=262144"
    "memorysetup-temp-allocator-size-gi-baking-worker=262144"
    "memorysetup-temp-allocator-size-gi-baking-worker=262144"
    "memorysetup-temp-allocator-size-gi-baking-worker=262144"
    "memorysetup-temp-allocator-size-gi-baking-worker=262144"
    "memorysetup-temp-allocator-size-gfx=262144"
Player connection [4052]  Target information:

Player connection [4052]  * "[IP] 10.220.21.246 [Port] 0 [Flags] 2 [Guid] 1007010897 [EditorId] 1007010897 [Version] 1048832 [Id] WindowsEditor(7,UAC-LS-8W5S8Y3) [Debug] 1 [PackageName] WindowsEditor [ProjectName] Editor" 

Player connection [4052] Host joined multi-casting on [225.0.0.222:54997]...
Player connection [4052] Host joined alternative multi-casting on [225.0.0.222:34997]...
JobSystem: Creating JobQueue using job-worker-count value 5
Input System module state changed to: Initialized.
[Physics::Module] Initialized fallback backend.
[Physics::Module] Id: 0xdecafbad
[Licensing::Client] Code 10 while verifying Licensing Client signature (process Id: 16796, path: "C:/Program Files/Unity Hub/UnityLicensingClient_V1/Unity.Licensing.Client.exe")
[Licensing::Module] LicensingClient has failed validation; ignoring
[Licensing::Client] Error: HandshakeResponse reported an error:
	ResponseCode: 505
	ResponseStatus: Unsupported protocol version '1.17.2'.
[Licensing::Module] Error: Failed to handshake to channel: "LicenseClient-BrucelyEustache"
[Licensing::IpcConnector] LicenseClient-BrucelyEustache channel disconnected successfully.
[Licensing::IpcConnector] Successfully connected to: "LicenseClient-BrucelyEustache-6000.2.6" at "2025-11-20T13:49:23.962842Z"
[Licensing::Client] Code 10 while verifying Licensing Client signature (process Id: 8136, path: "C:/Program Files/Unity/Hub/Editor/6000.2.6f2/Editor/Data/Resources/Licensing/Client/Unity.Licensing.Client.exe")
[Licensing::Module] LicensingClient has failed validation; ignoring
Library Redirect Path: Library/
[Licensing::Client] Handshaking with LicensingClient:
  Version:                 1.17.2+ff71f16
  Session Id:              6536f9d5e5f349b68c7b0d8d443af1f6
  Correlation Id:          7db9c76d8f4ef6982c2c901163c8f6d2
  External correlation Id: 8090186053833711213
  Machine Id:              QduKwKXEu1HC8jWbCIlKpNClan0=
[Licensing::Module] Successfully connected to LicensingClient on channel: "LicenseClient-BrucelyEustache-6000.2.6" (connect: 0.00s, validation: 0.07s, handshake: 0.03s)
[Licensing::IpcConnector] Successfully connected to: "LicenseClient-BrucelyEustache-6000.2.6-notifications" at "2025-11-20T13:49:24.0668042Z"
[Licensing::Module] Licensing Background thread has ended after 0.35s
[Physics::Module] Selected backend.
[Physics::Module] Name: PhysX
[Physics::Module] Id: 0xf2b8ea05
[Physics::Module] SDK Version: 4.1.2
[Physics::Module] Integration Version: 1.0.0
[Physics::Module] Threading Mode: Multi-Threaded
Refreshing native plugins compatible for Editor in 30.79 ms, found 4 plugins.
Preloading 0 native plugins for Editor in 0.00 ms.
Initialize engine version: 6000.2.6f2 (4a4dcaec6541)
[Subsystems] Discovering subsystems at path C:/Program Files/Unity/Hub/Editor/6000.2.6f2/Editor/Data/Resources/UnitySubsystems
[Subsystems] Discovering subsystems at path C:/Users/BrucelyEustache/Desktop/Top Down Adventure/Top-Down-Adventure/Top Down Adventure/Assets
GfxDevice: creating device client; kGfxThreadingModeNonThreaded
d3d12: failed to query info queue interface (0x80004002).
Direct3D:
    Version:         Direct3D 12 [level 12.1]
    Renderer:        Intel(R) UHD Graphics (ID=0xa721)
    Vendor:          Intel
    VRAM:            3938 MB
    App VRAM Budget: 3544 MB
    Driver:          32.0.101.6881
    Unified Memory Architecture
    Cache Coherent UMA
Initialize mono
Mono path[0] = 'C:/Program Files/Unity/Hub/Editor/6000.2.6f2/Editor/Data/Managed'
Mono path[1] = 'C:/Program Files/Unity/Hub/Editor/6000.2.6f2/Editor/Data/MonoBleedingEdge/lib/mono/unityjit-win32'
Mono config path = 'C:/Program Files/Unity/Hub/Editor/6000.2.6f2/Editor/Data/MonoBleedingEdge/etc'
Using monoOptions --debugger-agent=transport=dt_socket,embedding=1,server=y,suspend=n,address=127.0.0.1:56608
Begin MonoManager ReloadAssembly
Registering precompiled unity dll's ...
Register platform support module: C:/Program Files/Unity/Hub/Editor/6000.2.6f2/Editor/Data/PlaybackEngines/WindowsStandaloneSupport/UnityEditor.WindowsStandalone.Extensions.dll
Registered in 0.006201 seconds.
- Loaded All Assemblies, in  1.213 seconds
Native extension for WindowsStandalone target not found
Mono: successfully reloaded assembly
- Finished resetting the current domain, in  0.911 seconds
Domain Reload Profiling: 2120ms
	BeginReloadAssembly (547ms)
		ExecutionOrderSort (0ms)
		DisableScriptedObjects (0ms)
		BackupInstance (0ms)
		ReleaseScriptingObjects (0ms)
		CreateAndSetChildDomain (2ms)
	RebuildCommonClasses (86ms)
	RebuildNativeTypeToScriptingClass (25ms)
	initialDomainReloadingComplete (130ms)
	LoadAllAssembliesAndSetupDomain (420ms)
		LoadAssemblies (540ms)
		RebuildTransferFunctionScriptingTraits (0ms)
		AnalyzeDomain (413ms)
			TypeCache.Refresh (410ms)
				TypeCache.ScanAssembly (384ms)
			BuildScriptInfoCaches (0ms)
			ResolveRequiredComponents (1ms)
	FinalizeReload (912ms)
		ReleaseScriptCaches (0ms)
		RebuildScriptCaches (0ms)
		SetupLoadedEditorAssemblies (792ms)
			LogAssemblyErrors (0ms)
			InitializePlatformSupportModulesInManaged (126ms)
			SetLoadedEditorAssemblies (9ms)
			BeforeProcessingInitializeOnLoad (228ms)
			ProcessInitializeOnLoadAttributes (329ms)
			ProcessInitializeOnLoadMethodAttributes (100ms)
			AfterProcessingInitializeOnLoad (0ms)
			EditorAssembliesLoaded (0ms)
		ExecutionOrderSort2 (0ms)
		AwakeInstancesAfterBackupRestoration (0ms)
========================================================================
Worker process is ready to serve import requests
Import Worker Mode flag is 0x00
Begin MonoManager ReloadAssembly
[Licensing::Client] Successfully resolved entitlement details
[Licensing::Module] License group:
  Id: 2475883173012-UnityPersXXXX
  Product: Unity Personal
  Type: Assigned
  Expiration: Unlimited
- Loaded All Assemblies, in  4.377 seconds
Refreshing native plugins compatible for Editor in 7.32 ms, found 4 plugins.
Native extension for WindowsStandalone target not found
Package Manager log level set to [2]
[Package Manager] Failed to launch server process. Reason: Unity was launched with the -noUpm command-line argument
[Package Manager] Unable to send message (not connected to server process).
[Package Manager] Cannot connect to Unity Package Manager local server
Mono: successfully reloaded assembly
- Finished resetting the current domain, in  1.875 seconds
Domain Reload Profiling: 6246ms
	BeginReloadAssembly (428ms)
		ExecutionOrderSort (0ms)
		DisableScriptedObjects (27ms)
		BackupInstance (0ms)
		ReleaseScriptingObjects (0ms)
		CreateAndSetChildDomain (66ms)
	RebuildCommonClasses (77ms)
	RebuildNativeTypeToScriptingClass (23ms)
	initialDomainReloadingComplete (56ms)
	LoadAllAssembliesAndSetupDomain (3786ms)
		LoadAssemblies (3490ms)
		RebuildTransferFunctionScriptingTraits (0ms)
		AnalyzeDomain (518ms)
			TypeCache.Refresh (389ms)
				TypeCache.ScanAssembly (357ms)
			BuildScriptInfoCaches (94ms)
			ResolveRequiredComponents (30ms)
	FinalizeReload (1876ms)
		ReleaseScriptCaches (0ms)
		RebuildScriptCaches (0ms)
		SetupLoadedEditorAssemblies (1417ms)
			LogAssemblyErrors (0ms)
			InitializePlatformSupportModulesInManaged (4ms)
			SetLoadedEditorAssemblies (12ms)
			BeforeProcessingInitializeOnLoad (376ms)
			ProcessInitializeOnLoadAttributes (742ms)
			ProcessInitializeOnLoadMethodAttributes (278ms)
			AfterProcessingInitializeOnLoad (6ms)
			EditorAssembliesLoaded (0ms)
		ExecutionOrderSort2 (0ms)
		AwakeInstancesAfterBackupRestoration (12ms)
Launched and connected shader compiler UnityShaderCompiler.exe after 0.04 seconds
Refreshing native plugins compatible for Editor in 4.55 ms, found 4 plugins.
Preloading 0 native plugins for Editor in 0.00 ms.
Unloading 37 Unused Serialized files (Serialized files now loaded: 0)
Unloading 6788 unused Assets / (5.4 MB). Loaded Objects now: 7455.
Memory consumption went from 143.9 MB to 138.5 MB.
Total: 18.550300 ms (FindLiveObjects: 1.718200 ms CreateObjectMapping: 0.577400 ms MarkObjects: 11.015000 ms  DeleteObjects: 5.232800 ms)

========================================================================
Received Import Request.
  Time since last request: 62778.933318 seconds.
  path: Assets/Art/Idle_0.controller
  artifactKey: Guid(f4387b2ecf13d094ea44e1d85251086d) Importer(815301076,1909f56bfc062723c751e8b465ee728b)
Start importing Assets/Art/Idle_0.controller using Guid(f4387b2ecf13d094ea44e1d85251086d) Importer(815301076,1909f56bfc062723c751e8b465ee728b) (PreviewImporter) -> (artifact id: '0dd37be8734f5901e7026ef39a5bc54b') in 0.0652319 seconds
Number of updated asset objects reloaded before import = 0Number of asset objects unloaded after import = 12

========================================================================
Received Import Request.
  Time since last request: 428.945600 seconds.
  path: Assets/Art/TilesetFloor.png
  artifactKey: Guid(e141f0cf829c4754490655c0dd11b0e7) Importer(815301076,1909f56bfc062723c751e8b465ee728b)
Start importing Assets/Art/TilesetFloor.png using Guid(e141f0cf829c4754490655c0dd11b0e7) Importer(815301076,1909f56bfc062723c751e8b465ee728b) (PreviewImporter) -> (artifact id: '1636e654bffc8a7ca04dd5ed3a14a7b9') in 1.1987672 seconds
Number of updated asset objects reloaded before import = 0Number of asset objects unloaded after import = 3

========================================================================
Received Import Request.
  Time since last request: 19.442703 seconds.
  path: Assets/Art/TilesetHouse.png
  artifactKey: Guid(b2ca536e422da46418f08f2f51dc3136) Importer(815301076,1909f56bfc062723c751e8b465ee728b)
Start importing Assets/Art/TilesetHouse.png using Guid(b2ca536e422da46418f08f2f51dc3136) Importer(815301076,1909f56bfc062723c751e8b465ee728b) (PreviewImporter) -> (artifact id: 'd9d1085dd8b204c87d89721614a14e59') in 0.2805173 seconds
Number of updated asset objects reloaded before import = 0Number of asset objects unloaded after import = 19

========================================================================
Received Import Request.
  Time since last request: 100.830608 seconds.
  path: Assets/Script/PlayerMovement.cs
  artifactKey: Guid(7d4872c8f2f4a3e4997a3002fe3d9630) Importer(2089858483,192608db42251d675da83286b1cce702)
Start importing Assets/Script/PlayerMovement.cs using Guid(7d4872c8f2f4a3e4997a3002fe3d9630) Importer(2089858483,192608db42251d675da83286b1cce702) (ScriptedImporter) -> (artifact id: '209074a0afea0d799ad62b2184729ea8') in 1.2739891 seconds
Number of updated asset objects reloaded before import = 0Number of asset objects unloaded after import = 0

========================================================================
Received Import Request.
  Time since last request: 0.000044 seconds.
  path: Assets/Art/TilesetFloor.png
  artifactKey: Guid(e141f0cf829c4754490655c0dd11b0e7) Importer(2089858483,192608db42251d675da83286b1cce702)
Start importing Assets/Art/TilesetFloor.png using Guid(e141f0cf829c4754490655c0dd11b0e7) Importer(2089858483,192608db42251d675da83286b1cce702) (ScriptedImporter) -> (artifact id: 'cd7ab0dc1d834af41c266e98bd0322e2') in 0.1533241 seconds
Number of updated asset objects reloaded before import = 0Number of asset objects unloaded after import = 3

========================================================================
Received Import Request.
  Time since last request: 29.492382 seconds.
  path: Assets/Tilesets
  artifactKey: Guid(b07918158e3ef634f929f509ee2afbfb) Importer(815301076,1909f56bfc062723c751e8b465ee728b)
Start importing Assets/Tilesets using Guid(b07918158e3ef634f929f509ee2afbfb) Importer(815301076,1909f56bfc062723c751e8b465ee728b) (PreviewImporter) -> (artifact id: '6b3101b08a32443f832238562ab26615') in 0.002433 seconds
Number of updated asset objects reloaded before import = 0Number of asset objects unloaded after import = 0

========================================================================
Received Import Request.
  Time since last request: 0.882409 seconds.
  path: Assets/Tilesets
  artifactKey: Guid(b07918158e3ef634f929f509ee2afbfb) Importer(2089858483,192608db42251d675da83286b1cce702)
Start importing Assets/Tilesets using Guid(b07918158e3ef634f929f509ee2afbfb) Importer(2089858483,192608db42251d675da83286b1cce702) (ScriptedImporter) -> (artifact id: '04be3d5ccc40654d8972e18f09f6998d') in 0.0558556 seconds
Number of updated asset objects reloaded before import = 0Number of asset objects unloaded after import = 1

========================================================================
Received Import Request.
  Time since last request: 13.610424 seconds.
  path: Assets/Tilesets/TilesetHouse.png
  artifactKey: Guid(ec0e4b3abe6c0e64782b54f0ada7aae9) Importer(2089858483,192608db42251d675da83286b1cce702)
Start importing Assets/Tilesets/TilesetHouse.png using Guid(ec0e4b3abe6c0e64782b54f0ada7aae9) Importer(2089858483,192608db42251d675da83286b1cce702) (ScriptedImporter) -> (artifact id: '12f3f266231e585760c72004ec8575c5') in 0.1220257 seconds
Number of updated asset objects reloaded before import = 0Number of asset objects unloaded after import = 19

========================================================================
Received Import Request.
  Time since last request: 29.255765 seconds.
  path: Assets/Tilesets/TilesetFloor.png
  artifactKey: Guid(aa241e79c94891841afc0278f9693dfa) Importer(2089858483,192608db42251d675da83286b1cce702)
Start importing Assets/Tilesets/TilesetFloor.png using Guid(aa241e79c94891841afc0278f9693dfa) Importer(2089858483,192608db42251d675da83286b1cce702) (ScriptedImporter) -> (artifact id: '90c3cfbf5b9e7ae9680c89e9de0fbc56') in 0.0638241 seconds
Number of updated asset objects reloaded before import = 0Number of asset objects unloaded after import = 3

========================================================================
Received Import Request.
  Time since last request: 2.492798 seconds.
  path: Assets/Tilesets/TilesetFloor.png
  artifactKey: Guid(aa241e79c94891841afc0278f9693dfa) Importer(815301076,1909f56bfc062723c751e8b465ee728b)
Start importing Assets/Tilesets/TilesetFloor.png using Guid(aa241e79c94891841afc0278f9693dfa) Importer(815301076,1909f56bfc062723c751e8b465ee728b) (PreviewImporter) -> (artifact id: 'daa3138f4229ebe9e493ad1863b39579') in 0.0617522 seconds
Number of updated asset objects reloaded before import = 0Number of asset objects unloaded after import = 3

========================================================================
Received Import Request.
  Time since last request: 309.868861 seconds.
  path: Assets/Tilesets/TilesetFloor.png
  artifactKey: Guid(aa241e79c94891841afc0278f9693dfa) Importer(815301076,1909f56bfc062723c751e8b465ee728b)
Start importing Assets/Tilesets/TilesetFloor.png using Guid(aa241e79c94891841afc0278f9693dfa) Importer(815301076,1909f56bfc062723c751e8b465ee728b) (PreviewImporter) -> (artifact id: '8bd7349ee92d696911b6d2a9c58423f7') in 0.1313423 seconds
Number of updated asset objects reloaded before import = 0Number of asset objects unloaded after import = 3

========================================================================
Received Import Request.
  Time since last request: 129.704636 seconds.
  path: Assets/Tilesets/TilesetFloor.png
  artifactKey: Guid(aa241e79c94891841afc0278f9693dfa) Importer(815301076,1909f56bfc062723c751e8b465ee728b)
Start importing Assets/Tilesets/TilesetFloor.png using Guid(aa241e79c94891841afc0278f9693dfa) Importer(815301076,1909f56bfc062723c751e8b465ee728b) (PreviewImporter) -> (artifact id: '73c7448b1710639ec09dfca573664377') in 3.3623863 seconds
Number of updated asset objects reloaded before import = 0Number of asset objects unloaded after import = 460

========================================================================
Received Import Request.
  Time since last request: 11.423418 seconds.
  path: Assets/Tilesets/TilesetHouse.png
  artifactKey: Guid(ec0e4b3abe6c0e64782b54f0ada7aae9) Importer(815301076,1909f56bfc062723c751e8b465ee728b)
Start importing Assets/Tilesets/TilesetHouse.png using Guid(ec0e4b3abe6c0e64782b54f0ada7aae9) Importer(815301076,1909f56bfc062723c751e8b465ee728b) (PreviewImporter) -> (artifact id: '5f0f174283435088d2e7d0a0c63d99b8') in 0.1789422 seconds
Number of updated asset objects reloaded before import = 0Number of asset objects unloaded after import = 19

========================================================================
Received Import Request.
  Time since last request: 18.951083 seconds.
  path: Assets/Tilesets/TilesetHouse.png
  artifactKey: Guid(ec0e4b3abe6c0e64782b54f0ada7aae9) Importer(815301076,1909f56bfc062723c751e8b465ee728b)
Start importing Assets/Tilesets/TilesetHouse.png using Guid(ec0e4b3abe6c0e64782b54f0ada7aae9) Importer(815301076,1909f56bfc062723c751e8b465ee728b) (PreviewImporter) -> (artifact id: '35e9cc03c9950781acc9b2a541bafbc9') in 3.8613453 seconds
Number of updated asset objects reloaded before import = 0Number of asset objects unloaded after import = 650

========================================================================
Received Import Request.
  Time since last request: 901.169196 seconds.
  path: Assets/Tilesets/Ground
  artifactKey: Guid(7c85b0e362cf2c947b989a3f5b9d4683) Importer(2089858483,192608db42251d675da83286b1cce702)
Start importing Assets/Tilesets/Ground using Guid(7c85b0e362cf2c947b989a3f5b9d4683) Importer(2089858483,192608db42251d675da83286b1cce702) (ScriptedImporter) -> (artifact id: '22fa0ff2f40f3743bc2ffabe6e46709e') in 0.277581 seconds
Number of updated asset objects reloaded before import = 0Number of asset objects unloaded after import = 1

========================================================================
Received Import Request.
  Time since last request: 47.201093 seconds.
  path: Assets/Art/Tilesets/Ground
  artifactKey: Guid(7c85b0e362cf2c947b989a3f5b9d4683) Importer(2089858483,192608db42251d675da83286b1cce702)
Start importing Assets/Art/Tilesets/Ground using Guid(7c85b0e362cf2c947b989a3f5b9d4683) Importer(2089858483,192608db42251d675da83286b1cce702) (ScriptedImporter) -> (artifact id: 'c1ca160c6fd5e6ce41d25b80f2271fcb') in 0.0293597 seconds
Number of updated asset objects reloaded before import = 0Number of asset objects unloaded after import = 1

========================================================================
Received Import Request.
  Time since last request: 0.000027 seconds.
  path: Assets/Art/Tilesets/TilesetFloor.png
  artifactKey: Guid(aa241e79c94891841afc0278f9693dfa) Importer(2089858483,192608db42251d675da83286b1cce702)
Start importing Assets/Art/Tilesets/TilesetFloor.png using Guid(aa241e79c94891841afc0278f9693dfa) Importer(2089858483,192608db42251d675da83286b1cce702) (ScriptedImporter) -> (artifact id: 'b390dde88c153cf0890d4dd1ff509e42') in 0.7954542 seconds
Number of updated asset objects reloaded before import = 0Number of asset objects unloaded after import = 460

========================================================================
Received Import Request.
  Time since last request: 13.961995 seconds.
  path: Assets/Art/Tilesets/Ground
  artifactKey: Guid(7c85b0e362cf2c947b989a3f5b9d4683) Importer(815301076,1909f56bfc062723c751e8b465ee728b)
Start importing Assets/Art/Tilesets/Ground using Guid(7c85b0e362cf2c947b989a3f5b9d4683) Importer(815301076,1909f56bfc062723c751e8b465ee728b) (PreviewImporter) -> (artifact id: 'f6bd35510661197ea8994c448b07eeb3') in 0.0087922 seconds
Number of updated asset objects reloaded before import = 0Number of asset objects unloaded after import = 0

